<?xml version="1.0" encoding="UTF-8"?>
<!-- Generated by org.testng.reporters.JUnitReportReporter -->
<testsuite hostname="Mohammad-Zaina" failures="0" tests="1" name="Test_java" time="0.484" errors="0" timestamp="2023-09-14T12:06:23 EET" skipped="0">
  <testcase classname="Test_java" name="MyTest" time="0.484"/>
</testsuite> <!-- Test_java -->
