<?xml version="1.0" encoding="UTF-8"?>
<!-- Generated by org.testng.reporters.JUnitReportReporter -->
<testsuite hostname="Mohammad-Zaina" failures="0" tests="1" name="Test_java" time="20.923" errors="0" timestamp="2023-09-20T23:35:04 EET" skipped="0">
  <testcase classname="Test_java" name="MyTest" time="20.923"/>
</testsuite> <!-- Test_java -->
